2021-07-30 16:33:00 -  - exec CUpdateClientPartner::SearchModulesEx
2021-07-30 16:33:00 -  - exec CUpdateClientPartner::__CollectRequestData
2021-07-30 16:33:00 -  - utf=Y&lang=ru&stable=Y&CANGZIP=Y&SUPD_DBS=MYSQL&XE=N&CLIENT_SITE=10.57.20.218&LICENSE_KEY=X&SUPD_STS=1&SUPD_URS=0&SUPD_URSA=1&TYPENC=D&CLIENT_PHPVER=7.3.27&NGINX=Y&dbv=5.7.33&instm=main%2C20.200.300%2CY%3Bbitrixcloud%2C20.5.0%2CN%3Biblock%2C20.0.1150%2CN%3Bsearch%2C20.5.0%2CN%3Bstoreassist%2C18.1.0%2CN%3Bb24connector%2C20.5.0%2CN%3Bblog%2C20.100.100%2CN%3Bsocialservices%2C20.0.500%2CN%3Breport%2C20.200.0%2CN%3Bclouds%2C20.100.0%2CN%3Bsender%2C20.100.0%2CN%3Bconversion%2C20.5.0%2CN%3Bscale%2C20.5.0%2CN%3Bseo%2C20.0.400%2CN%3Bui%2C20.5.887%2CN%3Bcurrency%2C20.5.0%2CN%3Blanding%2C20.4.850%2CN%3Bhighloadblock%2C20.100.0%2CN%3Bpull%2C20.5.300%2CN%3Bmobileapp%2C20.5.0%2CN%3Bmessageservice%2C20.100.0%2CN%3Babtest%2C20.5.0%2CN%3Bform%2C20.100.0%2CN%3Bphotogallery%2C20.5.0%2CN%3Bbitrix.sitecorporate%2C15.5.0%2CN%3Bsecurity%2C20.200.0%2CN%3Bsale%2C20.5.43%2CN%3Brest%2C20.50.150%2CN%3Bvote%2C20.100.100%2CN%3Bbitrix.eshop%2C20.5.0%2CN%3Bsubscribe%2C20.5.0%2CN%3Bperfmon%2C20.100.0%2CN%3Bforum%2C20.5.0%2CN%3Bcatalog%2C20.0.500%2CN%3Bfileman%2C20.5.0%2CN%3Btranslate%2C20.100.0%2CN&search_module_id=&search_module=&search_category=7%2C14&search_type=&search_order=DESC&search_order_by=SORT&search_page=1&SUPD_SRS=RU&SUPD_CMP=N
2021-07-30 16:33:00 -  - exec CUpdateClientPartner::GetHTTPPage
2021-07-30 16:33:01 -  - TIME SearchModulesEx(request) 1.174 sec
2021-07-30 16:33:01 -  - exec CUpdateClientPartner::ParseServerData
2021-07-30 16:33:17 -  - exec CUpdateClientPartner::LoadModulesUpdates
2021-07-30 16:33:17 -  - exec CUpdateClientPartner::__CollectRequestData
2021-07-30 16:33:17 -  - utf=Y&lang=ru&stable=Y&CANGZIP=Y&SUPD_DBS=MYSQL&XE=N&CLIENT_SITE=10.57.20.218&LICENSE_KEY=X&SUPD_STS=1&SUPD_URS=0&SUPD_URSA=1&TYPENC=D&CLIENT_PHPVER=7.3.27&NGINX=Y&dbv=5.7.33&instm=main%2C20.200.300%2CY%3Bbitrixcloud%2C20.5.0%2CN%3Biblock%2C20.0.1150%2CN%3Bsearch%2C20.5.0%2CN%3Bstoreassist%2C18.1.0%2CN%3Bb24connector%2C20.5.0%2CN%3Bblog%2C20.100.100%2CN%3Bsocialservices%2C20.0.500%2CN%3Breport%2C20.200.0%2CN%3Bclouds%2C20.100.0%2CN%3Bsender%2C20.100.0%2CN%3Bconversion%2C20.5.0%2CN%3Bscale%2C20.5.0%2CN%3Bseo%2C20.0.400%2CN%3Bui%2C20.5.887%2CN%3Bcurrency%2C20.5.0%2CN%3Blanding%2C20.4.850%2CN%3Bhighloadblock%2C20.100.0%2CN%3Bpull%2C20.5.300%2CN%3Bmobileapp%2C20.5.0%2CN%3Bmessageservice%2C20.100.0%2CN%3Babtest%2C20.5.0%2CN%3Bform%2C20.100.0%2CN%3Bphotogallery%2C20.5.0%2CN%3Bbitrix.sitecorporate%2C15.5.0%2CN%3Bsecurity%2C20.200.0%2CN%3Bsale%2C20.5.43%2CN%3Brest%2C20.50.150%2CN%3Bvote%2C20.100.100%2CN%3Bbitrix.eshop%2C20.5.0%2CN%3Bsubscribe%2C20.5.0%2CN%3Bperfmon%2C20.100.0%2CN%3Bforum%2C20.5.0%2CN%3Bcatalog%2C20.0.500%2CN%3Bfileman%2C20.5.0%2CN%3Btranslate%2C20.100.0%2CN&reqm=nsandrey.emptyinstall&lim=Y&SUPD_SRS=RU&SUPD_CMP=N
2021-07-30 16:33:17 -  - exec CUpdateClientPartner::GetHTTPPage
2021-07-30 16:33:26 -  - TIME LoadModulesUpdates(request) 9.138 sec
2021-07-30 16:33:26 -  - exec CUpdateClientPartner::ParseServerData
2021-07-30 16:33:26 - S - STEP
2021-07-30 16:33:26 - LM4W01 - loadModule4Wizard-Step
2021-07-30 16:33:26 -  - exec CUpdateClientPartner::LoadModulesUpdates
2021-07-30 16:33:26 -  - exec CUpdateClientPartner::ParseServerData
2021-07-30 16:33:26 -  - loadFile
2021-07-30 16:33:27 - U - RETURN
2021-07-30 16:33:27 -  - exec CUpdateClientPartner::UnGzipArchive
2021-07-30 16:33:27 -  - TIME UnGzipArchive 0.002 sec
2021-07-30 16:33:27 -  - TIME UpdateStepModules 0.004 sec
2021-07-30 16:33:27 -  - exec CUpdateClientPartner::LoadModulesUpdates
2021-07-30 16:33:27 -  - exec CUpdateClientPartner::__CollectRequestData
2021-07-30 16:33:27 -  - utf=Y&lang=ru&stable=Y&CANGZIP=Y&SUPD_DBS=MYSQL&XE=N&CLIENT_SITE=10.57.20.218&LICENSE_KEY=X&SUPD_STS=1&SUPD_URS=0&SUPD_URSA=1&TYPENC=D&CLIENT_PHPVER=7.3.27&NGINX=Y&dbv=5.7.33&instm=main%2C20.200.300%2CY%3Bbitrixcloud%2C20.5.0%2CN%3Biblock%2C20.0.1150%2CN%3Bsearch%2C20.5.0%2CN%3Bstoreassist%2C18.1.0%2CN%3Bb24connector%2C20.5.0%2CN%3Bblog%2C20.100.100%2CN%3Bsocialservices%2C20.0.500%2CN%3Breport%2C20.200.0%2CN%3Bclouds%2C20.100.0%2CN%3Bsender%2C20.100.0%2CN%3Bconversion%2C20.5.0%2CN%3Bscale%2C20.5.0%2CN%3Bnsandrey.emptyinstall%2C1.0.5%2CN%3Bseo%2C20.0.400%2CN%3Bui%2C20.5.887%2CN%3Bcurrency%2C20.5.0%2CN%3Blanding%2C20.4.850%2CN%3Bhighloadblock%2C20.100.0%2CN%3Bpull%2C20.5.300%2CN%3Bmobileapp%2C20.5.0%2CN%3Bmessageservice%2C20.100.0%2CN%3Babtest%2C20.5.0%2CN%3Bform%2C20.100.0%2CN%3Bphotogallery%2C20.5.0%2CN%3Bbitrix.sitecorporate%2C15.5.0%2CN%3Bsecurity%2C20.200.0%2CN%3Bsale%2C20.5.43%2CN%3Brest%2C20.50.150%2CN%3Bvote%2C20.100.100%2CN%3Bbitrix.eshop%2C20.5.0%2CN%3Bsubscribe%2C20.5.0%2CN%3Bperfmon%2C20.100.0%2CN%3Bforum%2C20.5.0%2CN%3Bcatalog%2C20.0.500%2CN%3Bfileman%2C20.5.0%2CN%3Btranslate%2C20.100.0%2CN&reqm=nsandrey.emptyinstall&lim=Y&SUPD_SRS=RU&SUPD_CMP=N
2021-07-30 16:33:27 -  - exec CUpdateClientPartner::GetHTTPPage
2021-07-30 16:33:30 -  - TIME LoadModulesUpdates(request) 3.281 sec
2021-07-30 16:33:30 -  - exec CUpdateClientPartner::ParseServerData
2021-07-30 16:33:30 - STEP - Finish - NOUPDATES
2021-07-30 16:33:30 - LM4W03 - Finish - NOUPDATES
2021-07-30 16:36:56 -  - exec CUpdateClientPartner::__CollectRequestData
2021-07-30 16:36:56 -  - exec CUpdateClientPartner::GetHTTPPage
2021-07-30 16:36:56 -  - exec CUpdateClientPartner::ParseServerData
2021-07-30 16:36:56 -  - exec CUpdateClientPartner::GetUpdatesList
2021-07-30 16:36:56 -  - exec CUpdateClientPartner::__CollectRequestData
2021-07-30 16:36:56 -  - utf=Y&lang=ru&stable=Y&CANGZIP=Y&SUPD_DBS=MYSQL&XE=N&CLIENT_SITE=10.57.20.218&LICENSE_KEY=X&SUPD_STS=1&SUPD_URS=0&SUPD_URSA=1&TYPENC=D&CLIENT_PHPVER=7.3.27&NGINX=Y&dbv=5.7.33&instm=main%2C20.200.300%2CY%3Bbitrixcloud%2C20.5.0%2CN%3Biblock%2C20.0.1150%2CN%3Bsearch%2C20.5.0%2CN%3Bstoreassist%2C18.1.0%2CN%3Bb24connector%2C20.5.0%2CN%3Bblog%2C20.100.100%2CN%3Bsocialservices%2C20.0.500%2CN%3Breport%2C20.200.0%2CN%3Bclouds%2C20.100.0%2CN%3Bsender%2C20.100.0%2CN%3Bconversion%2C20.5.0%2CN%3Bscale%2C20.5.0%2CN%3Bnsandrey.emptyinstall%2C1.0.5%2CN%3Bseo%2C20.0.400%2CN%3Bui%2C20.5.887%2CN%3Bcurrency%2C20.5.0%2CN%3Blanding%2C20.4.850%2CN%3Bhighloadblock%2C20.100.0%2CN%3Bpull%2C20.5.300%2CN%3Bmobileapp%2C20.5.0%2CN%3Bmessageservice%2C20.100.0%2CN%3Babtest%2C20.5.0%2CN%3Bform%2C20.100.0%2CN%3Bphotogallery%2C20.5.0%2CN%3Bbitrix.sitecorporate%2C15.5.0%2CN%3Bsecurity%2C20.200.0%2CN%3Bsale%2C20.5.43%2CN%3Brest%2C20.50.150%2CN%3Bvote%2C20.100.100%2CN%3Bbitrix.eshop%2C20.5.0%2CN%3Bsubscribe%2C20.5.0%2CN%3Bperfmon%2C20.100.0%2CN%3Bforum%2C20.5.0%2CN%3Bcatalog%2C20.0.500%2CN%3Bfileman%2C20.5.0%2CN%3Btranslate%2C20.100.0%2CN&reqm=nsandrey.emptyinstall%2Cbitrix.sitecorporate%2Cbitrix.eshop&fullmoduleinfo=Y&SUPD_SRS=RU&SUPD_CMP=N
2021-07-30 16:36:56 -  - exec CUpdateClientPartner::GetHTTPPage
2021-07-30 16:36:56 -  - TIME GetUpdatesList(request) 0.24 sec
2021-07-30 16:36:56 -  - exec CUpdateClientPartner::ParseServerData
2021-07-30 16:36:56 -  - exec CUpdateClientPartner::__CollectRequestData
2021-07-30 16:36:56 -  - exec CUpdateClientPartner::GetHTTPPage
2021-07-30 16:36:57 -  - exec CUpdateClientPartner::ParseServerData
